<?xml version="1.0" encoding="UTF-8"?>
<!-- Generated by org.testng.reporters.JUnitReportReporter -->
<testsuite hostname="GLOENML-GJUJG3Q" name="com.appModule.Signin_Test" tests="14" failures="0" timestamp="5 Oct 2016 11:45:47 GMT" time="64.517" errors="1">
  <testcase name="verify_BeneficiaryNames" time="2.080" classname="com.appModule.Signin_Test"/>
  <testcase name="verify_FundTransferpageRedirection" time="0.885" classname="com.appModule.Signin_Test"/>
  <testcase name="verify_tocheckimageconfirmation" time="2.850" classname="com.appModule.Signin_Test"/>
  <testcase name="verify_UserAccountNumber" time="4.992" classname="com.appModule.Signin_Test">
    <error type="java.lang.AssertionError" message="expected [50100051926707] but found [50100051926708]">
      <![CDATA[java.lang.AssertionError: expected [50100051926707] but found [50100051926708]
	at org.testng.Assert.fail(Assert.java:94)
	at org.testng.Assert.failNotEquals(Assert.java:494)
	at org.testng.Assert.assertEquals(Assert.java:123)
	at org.testng.Assert.assertEquals(Assert.java:176)
	at org.testng.Assert.assertEquals(Assert.java:186)
	at com.appModule.Signin_Test.verify_UserAccountNumber(Signin_Test.java:100)
	at sun.reflect.NativeMethodAccessorImpl.invoke0(Native Method)
	at sun.reflect.NativeMethodAccessorImpl.invoke(NativeMethodAccessorImpl.java:62)
	at sun.reflect.DelegatingMethodAccessorImpl.invoke(DelegatingMethodAccessorImpl.java:43)
	at java.lang.reflect.Method.invoke(Method.java:483)
	at org.testng.internal.MethodInvocationHelper.invokeMethod(MethodInvocationHelper.java:80)
	at org.testng.internal.Invoker.invokeMethod(Invoker.java:714)
	at org.testng.internal.Invoker.invokeTestMethod(Invoker.java:901)
	at org.testng.internal.Invoker.invokeTestMethods(Invoker.java:1231)
	at org.testng.internal.TestMethodWorker.invokeTestMethods(TestMethodWorker.java:127)
	at org.testng.internal.TestMethodWorker.run(TestMethodWorker.java:111)
	at org.testng.TestRunner.privateRun(TestRunner.java:767)
	at org.testng.TestRunner.run(TestRunner.java:617)
	at org.testng.SuiteRunner.runTest(SuiteRunner.java:334)
	at org.testng.SuiteRunner.runSequentially(SuiteRunner.java:329)
	at org.testng.SuiteRunner.privateRun(SuiteRunner.java:291)
	at org.testng.SuiteRunner.run(SuiteRunner.java:240)
	at org.testng.SuiteRunnerWorker.runSuite(SuiteRunnerWorker.java:52)
	at org.testng.SuiteRunnerWorker.run(SuiteRunnerWorker.java:86)
	at org.testng.TestNG.runSuitesSequentially(TestNG.java:1198)
	at org.testng.TestNG.runSuitesLocally(TestNG.java:1123)
	at org.testng.TestNG.run(TestNG.java:1031)
	at org.apache.maven.surefire.testng.TestNGExecutor.run(TestNGExecutor.java:281)
	at org.apache.maven.surefire.testng.TestNGXmlTestSuite.execute(TestNGXmlTestSuite.java:75)
	at org.apache.maven.surefire.testng.TestNGProvider.invoke(TestNGProvider.java:121)
	at org.apache.maven.surefire.booter.ForkedBooter.invokeProviderInSameClassLoader(ForkedBooter.java:290)
	at org.apache.maven.surefire.booter.ForkedBooter.runSuitesInProcess(ForkedBooter.java:242)
	at org.apache.maven.surefire.booter.ForkedBooter.main(ForkedBooter.java:121)
]]>
    </error>
  </testcase> <!-- verify_UserAccountNumber -->
  <testcase name="verify_tapon_myAccount" time="6.108" classname="com.appModule.Signin_Test"/>
  <testcase name="verify_taponLoginbutton" time="6.494" classname="com.appModule.Signin_Test"/>
  <testcase name="verify_tapBeneficiaryDrpDownbox" time="2.627" classname="com.appModule.Signin_Test"/>
  <testcase name="verify_UserAccountBalance" time="4.438" classname="com.appModule.Signin_Test"/>
  <testcase name="verify_DashboardpageRedirection" time="0.931" classname="com.appModule.Signin_Test"/>
  <testcase name="verify_tapon_continueButton" time="7.811" classname="com.appModule.Signin_Test"/>
  <testcase name="verify_tapon_customerID" time="2.287" classname="com.appModule.Signin_Test"/>
  <testcase name="verify_tapon_NEFTTransaction" time="6.180" classname="com.appModule.Signin_Test"/>
  <testcase name="verify_enter_customerID" time="8.441" classname="com.appModule.Signin_Test"/>
  <testcase name="verify_enter_userPassword" time="8.393" classname="com.appModule.Signin_Test"/>
</testsuite> <!-- com.appModule.Signin_Test -->
