<?xml version="1.0" encoding="UTF-8"?>
<testng-results skipped="0" failed="1" total="14" passed="13">
  <reporter-output>
  </reporter-output>
  <suite name="Suite" duration-ms="77047" started-at="2016-10-05T11:33:54Z" finished-at="2016-10-05T11:35:11Z">
    <groups>
    </groups>
    <test name="Android_1" duration-ms="77047" started-at="2016-10-05T11:33:54Z" finished-at="2016-10-05T11:35:11Z">
      <class name="com.appModule.Signin_Test">
        <test-method status="PASS" signature="config()[pri:0, instance:com.appModule.Signin_Test@1d16f93d]" name="config" is-config="true" duration-ms="9761" started-at="2016-10-05T17:03:54Z" finished-at="2016-10-05T17:04:03Z">
          <reporter-output>
          </reporter-output>
        </test-method> <!-- config -->
        <test-method status="PASS" signature="verify_tapon_myAccount()[pri:0, instance:com.appModule.Signin_Test@1d16f93d]" name="verify_tapon_myAccount" duration-ms="7295" started-at="2016-10-05T17:04:03Z" finished-at="2016-10-05T17:04:11Z">
          <reporter-output>
          </reporter-output>
        </test-method> <!-- verify_tapon_myAccount -->
        <test-method status="PASS" signature="tearDown(org.testng.ITestResult)[pri:0, instance:com.appModule.Signin_Test@1d16f93d]" name="tearDown" is-config="true" duration-ms="0" started-at="2016-10-05T17:04:11Z" finished-at="2016-10-05T17:04:11Z">
          <params>
            <param index="0">
              <value>
                <![CDATA[[TestResult name=verify_tapon_myAccount status=SUCCESS method=Signin_Test.verify_tapon_myAccount()[pri:0, instance:com.appModule.Signin_Test@1d16f93d] output={null}]]]>
              </value>
            </param>
          </params>
          <reporter-output>
          </reporter-output>
        </test-method> <!-- tearDown -->
        <test-method status="PASS" signature="verify_tapon_customerID()[pri:1, instance:com.appModule.Signin_Test@1d16f93d]" name="verify_tapon_customerID" duration-ms="2310" started-at="2016-10-05T17:04:11Z" finished-at="2016-10-05T17:04:13Z">
          <reporter-output>
          </reporter-output>
        </test-method> <!-- verify_tapon_customerID -->
        <test-method status="PASS" signature="verify_enter_customerID()[pri:2, instance:com.appModule.Signin_Test@1d16f93d]" name="verify_enter_customerID" duration-ms="7328" started-at="2016-10-05T17:04:13Z" finished-at="2016-10-05T17:04:20Z">
          <reporter-output>
          </reporter-output>
        </test-method> <!-- verify_enter_customerID -->
        <test-method status="PASS" signature="tearDown(org.testng.ITestResult)[pri:0, instance:com.appModule.Signin_Test@1d16f93d]" name="tearDown" is-config="true" duration-ms="0" started-at="2016-10-05T17:04:13Z" finished-at="2016-10-05T17:04:13Z">
          <params>
            <param index="0">
              <value>
                <![CDATA[[TestResult name=verify_tapon_customerID status=SUCCESS method=Signin_Test.verify_tapon_customerID()[pri:1, instance:com.appModule.Signin_Test@1d16f93d] output={null}]]]>
              </value>
            </param>
          </params>
          <reporter-output>
          </reporter-output>
        </test-method> <!-- tearDown -->
        <test-method status="PASS" signature="tearDown(org.testng.ITestResult)[pri:0, instance:com.appModule.Signin_Test@1d16f93d]" name="tearDown" is-config="true" duration-ms="1" started-at="2016-10-05T17:04:20Z" finished-at="2016-10-05T17:04:20Z">
          <params>
            <param index="0">
              <value>
                <![CDATA[[TestResult name=verify_enter_customerID status=SUCCESS method=Signin_Test.verify_enter_customerID()[pri:2, instance:com.appModule.Signin_Test@1d16f93d] output={null}]]]>
              </value>
            </param>
          </params>
          <reporter-output>
          </reporter-output>
        </test-method> <!-- tearDown -->
        <test-method status="PASS" signature="verify_tapon_continueButton()[pri:3, instance:com.appModule.Signin_Test@1d16f93d]" name="verify_tapon_continueButton" duration-ms="5458" started-at="2016-10-05T17:04:20Z" finished-at="2016-10-05T17:04:26Z">
          <reporter-output>
          </reporter-output>
        </test-method> <!-- verify_tapon_continueButton -->
        <test-method status="PASS" signature="tearDown(org.testng.ITestResult)[pri:0, instance:com.appModule.Signin_Test@1d16f93d]" name="tearDown" is-config="true" duration-ms="0" started-at="2016-10-05T17:04:26Z" finished-at="2016-10-05T17:04:26Z">
          <params>
            <param index="0">
              <value>
                <![CDATA[[TestResult name=verify_tapon_continueButton status=SUCCESS method=Signin_Test.verify_tapon_continueButton()[pri:3, instance:com.appModule.Signin_Test@1d16f93d] output={null}]]]>
              </value>
            </param>
          </params>
          <reporter-output>
          </reporter-output>
        </test-method> <!-- tearDown -->
        <test-method status="PASS" signature="verify_enter_userPassword()[pri:4, instance:com.appModule.Signin_Test@1d16f93d]" name="verify_enter_userPassword" duration-ms="7628" started-at="2016-10-05T17:04:26Z" finished-at="2016-10-05T17:04:34Z">
          <reporter-output>
          </reporter-output>
        </test-method> <!-- verify_enter_userPassword -->
        <test-method status="PASS" signature="verify_tocheckimageconfirmation()[pri:5, instance:com.appModule.Signin_Test@1d16f93d]" name="verify_tocheckimageconfirmation" duration-ms="2748" started-at="2016-10-05T17:04:34Z" finished-at="2016-10-05T17:04:36Z">
          <reporter-output>
          </reporter-output>
        </test-method> <!-- verify_tocheckimageconfirmation -->
        <test-method status="PASS" signature="tearDown(org.testng.ITestResult)[pri:0, instance:com.appModule.Signin_Test@1d16f93d]" name="tearDown" is-config="true" duration-ms="0" started-at="2016-10-05T17:04:34Z" finished-at="2016-10-05T17:04:34Z">
          <params>
            <param index="0">
              <value>
                <![CDATA[[TestResult name=verify_enter_userPassword status=SUCCESS method=Signin_Test.verify_enter_userPassword()[pri:4, instance:com.appModule.Signin_Test@1d16f93d] output={null}]]]>
              </value>
            </param>
          </params>
          <reporter-output>
          </reporter-output>
        </test-method> <!-- tearDown -->
        <test-method status="PASS" signature="tearDown(org.testng.ITestResult)[pri:0, instance:com.appModule.Signin_Test@1d16f93d]" name="tearDown" is-config="true" duration-ms="1" started-at="2016-10-05T17:04:36Z" finished-at="2016-10-05T17:04:36Z">
          <params>
            <param index="0">
              <value>
                <![CDATA[[TestResult name=verify_tocheckimageconfirmation status=SUCCESS method=Signin_Test.verify_tocheckimageconfirmation()[pri:5, instance:com.appModule.Signin_Test@1d16f93d] output={null}]]]>
              </value>
            </param>
          </params>
          <reporter-output>
          </reporter-output>
        </test-method> <!-- tearDown -->
        <test-method status="PASS" signature="verify_taponLoginbutton()[pri:6, instance:com.appModule.Signin_Test@1d16f93d]" name="verify_taponLoginbutton" duration-ms="7075" started-at="2016-10-05T17:04:36Z" finished-at="2016-10-05T17:04:43Z">
          <reporter-output>
          </reporter-output>
        </test-method> <!-- verify_taponLoginbutton -->
        <test-method status="PASS" signature="verify_DashboardpageRedirection()[pri:7, instance:com.appModule.Signin_Test@1d16f93d]" name="verify_DashboardpageRedirection" duration-ms="1314" started-at="2016-10-05T17:04:43Z" finished-at="2016-10-05T17:04:45Z">
          <reporter-output>
          </reporter-output>
        </test-method> <!-- verify_DashboardpageRedirection -->
        <test-method status="PASS" signature="tearDown(org.testng.ITestResult)[pri:0, instance:com.appModule.Signin_Test@1d16f93d]" name="tearDown" is-config="true" duration-ms="0" started-at="2016-10-05T17:04:43Z" finished-at="2016-10-05T17:04:43Z">
          <params>
            <param index="0">
              <value>
                <![CDATA[[TestResult name=verify_taponLoginbutton status=SUCCESS method=Signin_Test.verify_taponLoginbutton()[pri:6, instance:com.appModule.Signin_Test@1d16f93d] output={null}]]]>
              </value>
            </param>
          </params>
          <reporter-output>
          </reporter-output>
        </test-method> <!-- tearDown -->
        <test-method status="PASS" signature="tearDown(org.testng.ITestResult)[pri:0, instance:com.appModule.Signin_Test@1d16f93d]" name="tearDown" is-config="true" duration-ms="0" started-at="2016-10-05T17:04:45Z" finished-at="2016-10-05T17:04:45Z">
          <params>
            <param index="0">
              <value>
                <![CDATA[[TestResult name=verify_DashboardpageRedirection status=SUCCESS method=Signin_Test.verify_DashboardpageRedirection()[pri:7, instance:com.appModule.Signin_Test@1d16f93d] output={null}]]]>
              </value>
            </param>
          </params>
          <reporter-output>
          </reporter-output>
        </test-method> <!-- tearDown -->
        <test-method status="FAIL" signature="verify_UserAccountNumber()[pri:8, instance:com.appModule.Signin_Test@1d16f93d]" name="verify_UserAccountNumber" duration-ms="5335" started-at="2016-10-05T17:04:45Z" finished-at="2016-10-05T17:04:50Z">
          <exception class="java.lang.AssertionError">
            <message>
              <![CDATA[expected [50100051926707] but found [50100051926708]]]>
            </message>
            <full-stacktrace>
              <![CDATA[java.lang.AssertionError: expected [50100051926707] but found [50100051926708]
	at org.testng.Assert.fail(Assert.java:94)
	at org.testng.Assert.failNotEquals(Assert.java:513)
	at org.testng.Assert.assertEqualsImpl(Assert.java:135)
	at org.testng.Assert.assertEquals(Assert.java:116)
	at org.testng.Assert.assertEquals(Assert.java:190)
	at org.testng.Assert.assertEquals(Assert.java:200)
	at com.appModule.Signin_Test.verify_UserAccountNumber(Signin_Test.java:100)
	at sun.reflect.NativeMethodAccessorImpl.invoke0(Native Method)
	at sun.reflect.NativeMethodAccessorImpl.invoke(NativeMethodAccessorImpl.java:62)
	at sun.reflect.DelegatingMethodAccessorImpl.invoke(DelegatingMethodAccessorImpl.java:43)
	at java.lang.reflect.Method.invoke(Method.java:483)
	at org.testng.internal.MethodInvocationHelper.invokeMethod(MethodInvocationHelper.java:100)
	at org.testng.internal.Invoker.invokeMethod(Invoker.java:646)
	at org.testng.internal.Invoker.invokeTestMethod(Invoker.java:811)
	at org.testng.internal.Invoker.invokeTestMethods(Invoker.java:1129)
	at org.testng.internal.TestMethodWorker.invokeTestMethods(TestMethodWorker.java:129)
	at org.testng.internal.TestMethodWorker.run(TestMethodWorker.java:112)
	at org.testng.TestRunner.privateRun(TestRunner.java:746)
	at org.testng.TestRunner.run(TestRunner.java:600)
	at org.testng.SuiteRunner.runTest(SuiteRunner.java:366)
	at org.testng.SuiteRunner.runSequentially(SuiteRunner.java:361)
	at org.testng.SuiteRunner.privateRun(SuiteRunner.java:319)
	at org.testng.SuiteRunner.run(SuiteRunner.java:268)
	at org.testng.SuiteRunnerWorker.runSuite(SuiteRunnerWorker.java:52)
	at org.testng.SuiteRunnerWorker.run(SuiteRunnerWorker.java:86)
	at org.testng.TestNG.runSuitesSequentially(TestNG.java:1264)
	at org.testng.TestNG.runSuitesLocally(TestNG.java:1189)
	at org.testng.TestNG.runSuites(TestNG.java:1104)
	at org.testng.TestNG.run(TestNG.java:1076)
	at org.testng.remote.AbstractRemoteTestNG.run(AbstractRemoteTestNG.java:126)
	at org.testng.remote.RemoteTestNG.initAndRun(RemoteTestNG.java:152)
	at org.testng.remote.RemoteTestNG.main(RemoteTestNG.java:57)
]]>
            </full-stacktrace>
          </exception> <!-- java.lang.AssertionError -->
          <reporter-output>
          </reporter-output>
        </test-method> <!-- verify_UserAccountNumber -->
        <test-method status="PASS" signature="tearDown(org.testng.ITestResult)[pri:0, instance:com.appModule.Signin_Test@1d16f93d]" name="tearDown" is-config="true" duration-ms="3026" started-at="2016-10-05T17:04:50Z" finished-at="2016-10-05T17:04:53Z">
          <params>
            <param index="0">
              <value>
                <![CDATA[[TestResult name=verify_UserAccountNumber status=FAILURE method=Signin_Test.verify_UserAccountNumber()[pri:8, instance:com.appModule.Signin_Test@1d16f93d] output={null}]]]>
              </value>
            </param>
          </params>
          <reporter-output>
          </reporter-output>
        </test-method> <!-- tearDown -->
        <test-method status="PASS" signature="verify_UserAccountBalance()[pri:9, instance:com.appModule.Signin_Test@1d16f93d]" name="verify_UserAccountBalance" duration-ms="4336" started-at="2016-10-05T17:04:53Z" finished-at="2016-10-05T17:04:57Z">
          <reporter-output>
          </reporter-output>
        </test-method> <!-- verify_UserAccountBalance -->
        <test-method status="PASS" signature="tearDown(org.testng.ITestResult)[pri:0, instance:com.appModule.Signin_Test@1d16f93d]" name="tearDown" is-config="true" duration-ms="0" started-at="2016-10-05T17:04:57Z" finished-at="2016-10-05T17:04:57Z">
          <params>
            <param index="0">
              <value>
                <![CDATA[[TestResult name=verify_UserAccountBalance status=SUCCESS method=Signin_Test.verify_UserAccountBalance()[pri:9, instance:com.appModule.Signin_Test@1d16f93d] output={null}]]]>
              </value>
            </param>
          </params>
          <reporter-output>
          </reporter-output>
        </test-method> <!-- tearDown -->
        <test-method status="PASS" signature="verify_FundTransferpageRedirection()[pri:10, instance:com.appModule.Signin_Test@1d16f93d]" name="verify_FundTransferpageRedirection" duration-ms="872" started-at="2016-10-05T17:04:57Z" finished-at="2016-10-05T17:04:58Z">
          <reporter-output>
          </reporter-output>
        </test-method> <!-- verify_FundTransferpageRedirection -->
        <test-method status="PASS" signature="tearDown(org.testng.ITestResult)[pri:0, instance:com.appModule.Signin_Test@1d16f93d]" name="tearDown" is-config="true" duration-ms="1" started-at="2016-10-05T17:04:58Z" finished-at="2016-10-05T17:04:58Z">
          <params>
            <param index="0">
              <value>
                <![CDATA[[TestResult name=verify_FundTransferpageRedirection status=SUCCESS method=Signin_Test.verify_FundTransferpageRedirection()[pri:10, instance:com.appModule.Signin_Test@1d16f93d] output={null}]]]>
              </value>
            </param>
          </params>
          <reporter-output>
          </reporter-output>
        </test-method> <!-- tearDown -->
        <test-method status="PASS" signature="verify_tapon_NEFTTransaction()[pri:11, instance:com.appModule.Signin_Test@1d16f93d]" name="verify_tapon_NEFTTransaction" duration-ms="3227" started-at="2016-10-05T17:04:58Z" finished-at="2016-10-05T17:05:01Z">
          <reporter-output>
          </reporter-output>
        </test-method> <!-- verify_tapon_NEFTTransaction -->
        <test-method status="PASS" signature="tearDown(org.testng.ITestResult)[pri:0, instance:com.appModule.Signin_Test@1d16f93d]" name="tearDown" is-config="true" duration-ms="0" started-at="2016-10-05T17:05:01Z" finished-at="2016-10-05T17:05:01Z">
          <params>
            <param index="0">
              <value>
                <![CDATA[[TestResult name=verify_tapon_NEFTTransaction status=SUCCESS method=Signin_Test.verify_tapon_NEFTTransaction()[pri:11, instance:com.appModule.Signin_Test@1d16f93d] output={null}]]]>
              </value>
            </param>
          </params>
          <reporter-output>
          </reporter-output>
        </test-method> <!-- tearDown -->
        <test-method status="PASS" signature="verify_tapBeneficiaryDrpDownbox()[pri:12, instance:com.appModule.Signin_Test@1d16f93d]" name="verify_tapBeneficiaryDrpDownbox" duration-ms="5374" started-at="2016-10-05T17:05:01Z" finished-at="2016-10-05T17:05:07Z">
          <reporter-output>
          </reporter-output>
        </test-method> <!-- verify_tapBeneficiaryDrpDownbox -->
        <test-method status="PASS" signature="tearDown(org.testng.ITestResult)[pri:0, instance:com.appModule.Signin_Test@1d16f93d]" name="tearDown" is-config="true" duration-ms="0" started-at="2016-10-05T17:05:07Z" finished-at="2016-10-05T17:05:07Z">
          <params>
            <param index="0">
              <value>
                <![CDATA[[TestResult name=verify_tapBeneficiaryDrpDownbox status=SUCCESS method=Signin_Test.verify_tapBeneficiaryDrpDownbox()[pri:12, instance:com.appModule.Signin_Test@1d16f93d] output={null}]]]>
              </value>
            </param>
          </params>
          <reporter-output>
          </reporter-output>
        </test-method> <!-- tearDown -->
        <test-method status="PASS" signature="verify_BeneficiaryNames()[pri:13, instance:com.appModule.Signin_Test@1d16f93d]" name="verify_BeneficiaryNames" duration-ms="2016" started-at="2016-10-05T17:05:07Z" finished-at="2016-10-05T17:05:09Z">
          <reporter-output>
          </reporter-output>
        </test-method> <!-- verify_BeneficiaryNames -->
        <test-method status="PASS" signature="tearDown(org.testng.ITestResult)[pri:0, instance:com.appModule.Signin_Test@1d16f93d]" name="tearDown" is-config="true" duration-ms="0" started-at="2016-10-05T17:05:09Z" finished-at="2016-10-05T17:05:09Z">
          <params>
            <param index="0">
              <value>
                <![CDATA[[TestResult name=verify_BeneficiaryNames status=SUCCESS method=Signin_Test.verify_BeneficiaryNames()[pri:13, instance:com.appModule.Signin_Test@1d16f93d] output={null}]]]>
              </value>
            </param>
          </params>
          <reporter-output>
          </reporter-output>
        </test-method> <!-- tearDown -->
        <test-method status="PASS" signature="closeTheApp()[pri:0, instance:com.appModule.Signin_Test@1d16f93d]" name="closeTheApp" is-config="true" duration-ms="1895" started-at="2016-10-05T17:05:09Z" finished-at="2016-10-05T17:05:11Z">
          <reporter-output>
          </reporter-output>
        </test-method> <!-- closeTheApp -->
      </class> <!-- com.appModule.Signin_Test -->
    </test> <!-- Android_1 -->
  </suite> <!-- Suite -->
</testng-results>
