<?xml version="1.0" encoding="UTF-8"?>
<!-- Generated by org.testng.reporters.JUnitXMLReporter -->
<testsuite hostname="GLOENML-GJUJG3Q" name="Android_1" tests="14" failures="1" timestamp="5 Oct 2016 11:45:47 GMT" time="75.415" errors="0">
  <testcase name="verify_tapon_myAccount" time="6.108" classname="com.appModule.Signin_Test"/>
  <testcase name="verify_tapon_customerID" time="2.287" classname="com.appModule.Signin_Test"/>
  <testcase name="verify_enter_customerID" time="8.441" classname="com.appModule.Signin_Test"/>
  <testcase name="verify_tapon_continueButton" time="7.81" classname="com.appModule.Signin_Test"/>
  <testcase name="verify_enter_userPassword" time="8.392" classname="com.appModule.Signin_Test"/>
  <testcase name="verify_tocheckimageconfirmation" time="2.85" classname="com.appModule.Signin_Test"/>
  <testcase name="verify_taponLoginbutton" time="6.494" classname="com.appModule.Signin_Test"/>
  <testcase name="verify_DashboardpageRedirection" time="0.931" classname="com.appModule.Signin_Test"/>
  <testcase name="verify_UserAccountNumber" time="4.992" classname="com.appModule.Signin_Test">
    <failure type="java.lang.AssertionError" message="expected [50100051926707] but found [50100051926708]">
      <![CDATA[java.lang.AssertionError: expected [50100051926707] but found [50100051926708]
	at com.appModule.Signin_Test.verify_UserAccountNumber(Signin_Test.java:100)
	at org.apache.maven.surefire.testng.TestNGExecutor.run(TestNGExecutor.java:281)
	at org.apache.maven.surefire.testng.TestNGXmlTestSuite.execute(TestNGXmlTestSuite.java:75)
	at org.apache.maven.surefire.testng.TestNGProvider.invoke(TestNGProvider.java:121)
	at org.apache.maven.surefire.booter.ForkedBooter.invokeProviderInSameClassLoader(ForkedBooter.java:290)
	at org.apache.maven.surefire.booter.ForkedBooter.runSuitesInProcess(ForkedBooter.java:242)
	at org.apache.maven.surefire.booter.ForkedBooter.main(ForkedBooter.java:121)
... Removed 26 stack frames]]>
    </failure>
  </testcase> <!-- verify_UserAccountNumber -->
  <testcase name="verify_UserAccountBalance" time="4.438" classname="com.appModule.Signin_Test"/>
  <testcase name="verify_FundTransferpageRedirection" time="0.884" classname="com.appModule.Signin_Test"/>
  <testcase name="verify_tapon_NEFTTransaction" time="3.249" classname="com.appModule.Signin_Test"/>
  <testcase name="verify_tapBeneficiaryDrpDownbox" time="2.626" classname="com.appModule.Signin_Test"/>
  <testcase name="verify_BeneficiaryNames" time="2.08" classname="com.appModule.Signin_Test"/>
</testsuite> <!-- Android_1 -->
