<?xml version="1.0" encoding="UTF-8"?>
<testng-results skipped="0" failed="1" total="14" passed="13">
  <reporter-output>
  </reporter-output>
  <suite name="Suite" duration-ms="75415" started-at="2016-10-05T11:44:31Z" finished-at="2016-10-05T11:45:47Z">
    <groups>
    </groups>
    <test name="Android_1" duration-ms="75415" started-at="2016-10-05T11:44:31Z" finished-at="2016-10-05T11:45:47Z">
      <class name="com.appModule.Signin_Test">
        <test-method status="PASS" signature="config()[pri:0, instance:com.appModule.Signin_Test@457e2f02]" name="config" is-config="true" duration-ms="9318" started-at="2016-10-05T17:14:31Z" finished-at="2016-10-05T17:14:41Z">
          <reporter-output>
          </reporter-output>
        </test-method> <!-- config -->
        <test-method status="PASS" signature="verify_tapon_myAccount()[pri:0, instance:com.appModule.Signin_Test@457e2f02]" name="verify_tapon_myAccount" duration-ms="6108" started-at="2016-10-05T17:14:41Z" finished-at="2016-10-05T17:14:47Z">
          <reporter-output>
          </reporter-output>
        </test-method> <!-- verify_tapon_myAccount -->
        <test-method status="PASS" signature="tearDown(org.testng.ITestResult)[pri:0, instance:com.appModule.Signin_Test@457e2f02]" name="tearDown" is-config="true" duration-ms="1" started-at="2016-10-05T17:14:47Z" finished-at="2016-10-05T17:14:47Z">
          <params>
            <param index="0">
              <value>
                <![CDATA[[TestResult name=verify_tapon_myAccount status=SUCCESS method=Signin_Test.verify_tapon_myAccount()[pri:0, instance:com.appModule.Signin_Test@457e2f02] output={null}]]]>
              </value>
            </param>
          </params>
          <reporter-output>
          </reporter-output>
        </test-method> <!-- tearDown -->
        <test-method status="PASS" signature="verify_tapon_customerID()[pri:0, instance:com.appModule.Signin_Test@457e2f02]" name="verify_tapon_customerID" duration-ms="2287" started-at="2016-10-05T17:14:47Z" finished-at="2016-10-05T17:14:49Z">
          <reporter-output>
          </reporter-output>
        </test-method> <!-- verify_tapon_customerID -->
        <test-method status="PASS" signature="tearDown(org.testng.ITestResult)[pri:0, instance:com.appModule.Signin_Test@457e2f02]" name="tearDown" is-config="true" duration-ms="0" started-at="2016-10-05T17:14:49Z" finished-at="2016-10-05T17:14:49Z">
          <params>
            <param index="0">
              <value>
                <![CDATA[[TestResult name=verify_tapon_customerID status=SUCCESS method=Signin_Test.verify_tapon_customerID()[pri:0, instance:com.appModule.Signin_Test@457e2f02] output={null}]]]>
              </value>
            </param>
          </params>
          <reporter-output>
          </reporter-output>
        </test-method> <!-- tearDown -->
        <test-method status="PASS" signature="verify_enter_customerID()[pri:0, instance:com.appModule.Signin_Test@457e2f02]" name="verify_enter_customerID" duration-ms="8441" started-at="2016-10-05T17:14:49Z" finished-at="2016-10-05T17:14:57Z">
          <reporter-output>
          </reporter-output>
        </test-method> <!-- verify_enter_customerID -->
        <test-method status="PASS" signature="verify_tapon_continueButton()[pri:0, instance:com.appModule.Signin_Test@457e2f02]" name="verify_tapon_continueButton" duration-ms="7810" started-at="2016-10-05T17:14:57Z" finished-at="2016-10-05T17:15:05Z">
          <reporter-output>
          </reporter-output>
        </test-method> <!-- verify_tapon_continueButton -->
        <test-method status="PASS" signature="tearDown(org.testng.ITestResult)[pri:0, instance:com.appModule.Signin_Test@457e2f02]" name="tearDown" is-config="true" duration-ms="0" started-at="2016-10-05T17:14:57Z" finished-at="2016-10-05T17:14:57Z">
          <params>
            <param index="0">
              <value>
                <![CDATA[[TestResult name=verify_enter_customerID status=SUCCESS method=Signin_Test.verify_enter_customerID()[pri:0, instance:com.appModule.Signin_Test@457e2f02] output={null}]]]>
              </value>
            </param>
          </params>
          <reporter-output>
          </reporter-output>
        </test-method> <!-- tearDown -->
        <test-method status="PASS" signature="tearDown(org.testng.ITestResult)[pri:0, instance:com.appModule.Signin_Test@457e2f02]" name="tearDown" is-config="true" duration-ms="1" started-at="2016-10-05T17:15:05Z" finished-at="2016-10-05T17:15:05Z">
          <params>
            <param index="0">
              <value>
                <![CDATA[[TestResult name=verify_tapon_continueButton status=SUCCESS method=Signin_Test.verify_tapon_continueButton()[pri:0, instance:com.appModule.Signin_Test@457e2f02] output={null}]]]>
              </value>
            </param>
          </params>
          <reporter-output>
          </reporter-output>
        </test-method> <!-- tearDown -->
        <test-method status="PASS" signature="verify_enter_userPassword()[pri:0, instance:com.appModule.Signin_Test@457e2f02]" name="verify_enter_userPassword" duration-ms="8392" started-at="2016-10-05T17:15:05Z" finished-at="2016-10-05T17:15:14Z">
          <reporter-output>
          </reporter-output>
        </test-method> <!-- verify_enter_userPassword -->
        <test-method status="PASS" signature="tearDown(org.testng.ITestResult)[pri:0, instance:com.appModule.Signin_Test@457e2f02]" name="tearDown" is-config="true" duration-ms="1" started-at="2016-10-05T17:15:14Z" finished-at="2016-10-05T17:15:14Z">
          <params>
            <param index="0">
              <value>
                <![CDATA[[TestResult name=verify_enter_userPassword status=SUCCESS method=Signin_Test.verify_enter_userPassword()[pri:0, instance:com.appModule.Signin_Test@457e2f02] output={null}]]]>
              </value>
            </param>
          </params>
          <reporter-output>
          </reporter-output>
        </test-method> <!-- tearDown -->
        <test-method status="PASS" signature="verify_tocheckimageconfirmation()[pri:0, instance:com.appModule.Signin_Test@457e2f02]" name="verify_tocheckimageconfirmation" duration-ms="2850" started-at="2016-10-05T17:15:14Z" finished-at="2016-10-05T17:15:16Z">
          <reporter-output>
          </reporter-output>
        </test-method> <!-- verify_tocheckimageconfirmation -->
        <test-method status="PASS" signature="tearDown(org.testng.ITestResult)[pri:0, instance:com.appModule.Signin_Test@457e2f02]" name="tearDown" is-config="true" duration-ms="0" started-at="2016-10-05T17:15:16Z" finished-at="2016-10-05T17:15:16Z">
          <params>
            <param index="0">
              <value>
                <![CDATA[[TestResult name=verify_tocheckimageconfirmation status=SUCCESS method=Signin_Test.verify_tocheckimageconfirmation()[pri:0, instance:com.appModule.Signin_Test@457e2f02] output={null}]]]>
              </value>
            </param>
          </params>
          <reporter-output>
          </reporter-output>
        </test-method> <!-- tearDown -->
        <test-method status="PASS" signature="verify_taponLoginbutton()[pri:0, instance:com.appModule.Signin_Test@457e2f02]" name="verify_taponLoginbutton" duration-ms="6494" started-at="2016-10-05T17:15:16Z" finished-at="2016-10-05T17:15:23Z">
          <reporter-output>
          </reporter-output>
        </test-method> <!-- verify_taponLoginbutton -->
        <test-method status="PASS" signature="tearDown(org.testng.ITestResult)[pri:0, instance:com.appModule.Signin_Test@457e2f02]" name="tearDown" is-config="true" duration-ms="0" started-at="2016-10-05T17:15:23Z" finished-at="2016-10-05T17:15:23Z">
          <params>
            <param index="0">
              <value>
                <![CDATA[[TestResult name=verify_taponLoginbutton status=SUCCESS method=Signin_Test.verify_taponLoginbutton()[pri:0, instance:com.appModule.Signin_Test@457e2f02] output={null}]]]>
              </value>
            </param>
          </params>
          <reporter-output>
          </reporter-output>
        </test-method> <!-- tearDown -->
        <test-method status="PASS" signature="verify_DashboardpageRedirection()[pri:0, instance:com.appModule.Signin_Test@457e2f02]" name="verify_DashboardpageRedirection" duration-ms="931" started-at="2016-10-05T17:15:23Z" finished-at="2016-10-05T17:15:24Z">
          <reporter-output>
          </reporter-output>
        </test-method> <!-- verify_DashboardpageRedirection -->
        <test-method status="FAIL" signature="verify_UserAccountNumber()[pri:0, instance:com.appModule.Signin_Test@457e2f02]" name="verify_UserAccountNumber" duration-ms="4992" started-at="2016-10-05T17:15:24Z" finished-at="2016-10-05T17:15:29Z">
          <exception class="java.lang.AssertionError">
            <message>
              <![CDATA[expected [50100051926707] but found [50100051926708]]]>
            </message>
            <full-stacktrace>
              <![CDATA[java.lang.AssertionError: expected [50100051926707] but found [50100051926708]
	at org.testng.Assert.fail(Assert.java:94)
	at org.testng.Assert.failNotEquals(Assert.java:494)
	at org.testng.Assert.assertEquals(Assert.java:123)
	at org.testng.Assert.assertEquals(Assert.java:176)
	at org.testng.Assert.assertEquals(Assert.java:186)
	at com.appModule.Signin_Test.verify_UserAccountNumber(Signin_Test.java:100)
	at sun.reflect.NativeMethodAccessorImpl.invoke0(Native Method)
	at sun.reflect.NativeMethodAccessorImpl.invoke(NativeMethodAccessorImpl.java:62)
	at sun.reflect.DelegatingMethodAccessorImpl.invoke(DelegatingMethodAccessorImpl.java:43)
	at java.lang.reflect.Method.invoke(Method.java:483)
	at org.testng.internal.MethodInvocationHelper.invokeMethod(MethodInvocationHelper.java:80)
	at org.testng.internal.Invoker.invokeMethod(Invoker.java:714)
	at org.testng.internal.Invoker.invokeTestMethod(Invoker.java:901)
	at org.testng.internal.Invoker.invokeTestMethods(Invoker.java:1231)
	at org.testng.internal.TestMethodWorker.invokeTestMethods(TestMethodWorker.java:127)
	at org.testng.internal.TestMethodWorker.run(TestMethodWorker.java:111)
	at org.testng.TestRunner.privateRun(TestRunner.java:767)
	at org.testng.TestRunner.run(TestRunner.java:617)
	at org.testng.SuiteRunner.runTest(SuiteRunner.java:334)
	at org.testng.SuiteRunner.runSequentially(SuiteRunner.java:329)
	at org.testng.SuiteRunner.privateRun(SuiteRunner.java:291)
	at org.testng.SuiteRunner.run(SuiteRunner.java:240)
	at org.testng.SuiteRunnerWorker.runSuite(SuiteRunnerWorker.java:52)
	at org.testng.SuiteRunnerWorker.run(SuiteRunnerWorker.java:86)
	at org.testng.TestNG.runSuitesSequentially(TestNG.java:1198)
	at org.testng.TestNG.runSuitesLocally(TestNG.java:1123)
	at org.testng.TestNG.run(TestNG.java:1031)
	at org.apache.maven.surefire.testng.TestNGExecutor.run(TestNGExecutor.java:281)
	at org.apache.maven.surefire.testng.TestNGXmlTestSuite.execute(TestNGXmlTestSuite.java:75)
	at org.apache.maven.surefire.testng.TestNGProvider.invoke(TestNGProvider.java:121)
	at org.apache.maven.surefire.booter.ForkedBooter.invokeProviderInSameClassLoader(ForkedBooter.java:290)
	at org.apache.maven.surefire.booter.ForkedBooter.runSuitesInProcess(ForkedBooter.java:242)
	at org.apache.maven.surefire.booter.ForkedBooter.main(ForkedBooter.java:121)
]]>
            </full-stacktrace>
          </exception> <!-- java.lang.AssertionError -->
          <reporter-output>
          </reporter-output>
        </test-method> <!-- verify_UserAccountNumber -->
        <test-method status="PASS" signature="tearDown(org.testng.ITestResult)[pri:0, instance:com.appModule.Signin_Test@457e2f02]" name="tearDown" is-config="true" duration-ms="0" started-at="2016-10-05T17:15:24Z" finished-at="2016-10-05T17:15:24Z">
          <params>
            <param index="0">
              <value>
                <![CDATA[[TestResult name=verify_DashboardpageRedirection status=SUCCESS method=Signin_Test.verify_DashboardpageRedirection()[pri:0, instance:com.appModule.Signin_Test@457e2f02] output={null}]]]>
              </value>
            </param>
          </params>
          <reporter-output>
          </reporter-output>
        </test-method> <!-- tearDown -->
        <test-method status="PASS" signature="tearDown(org.testng.ITestResult)[pri:0, instance:com.appModule.Signin_Test@457e2f02]" name="tearDown" is-config="true" duration-ms="2931" started-at="2016-10-05T17:15:29Z" finished-at="2016-10-05T17:15:32Z">
          <params>
            <param index="0">
              <value>
                <![CDATA[[TestResult name=verify_UserAccountNumber status=FAILURE method=Signin_Test.verify_UserAccountNumber()[pri:0, instance:com.appModule.Signin_Test@457e2f02] output={null}]]]>
              </value>
            </param>
          </params>
          <reporter-output>
          </reporter-output>
        </test-method> <!-- tearDown -->
        <test-method status="PASS" signature="verify_UserAccountBalance()[pri:0, instance:com.appModule.Signin_Test@457e2f02]" name="verify_UserAccountBalance" duration-ms="4438" started-at="2016-10-05T17:15:32Z" finished-at="2016-10-05T17:15:36Z">
          <reporter-output>
          </reporter-output>
        </test-method> <!-- verify_UserAccountBalance -->
        <test-method status="PASS" signature="tearDown(org.testng.ITestResult)[pri:0, instance:com.appModule.Signin_Test@457e2f02]" name="tearDown" is-config="true" duration-ms="1" started-at="2016-10-05T17:15:36Z" finished-at="2016-10-05T17:15:36Z">
          <params>
            <param index="0">
              <value>
                <![CDATA[[TestResult name=verify_UserAccountBalance status=SUCCESS method=Signin_Test.verify_UserAccountBalance()[pri:0, instance:com.appModule.Signin_Test@457e2f02] output={null}]]]>
              </value>
            </param>
          </params>
          <reporter-output>
          </reporter-output>
        </test-method> <!-- tearDown -->
        <test-method status="PASS" signature="verify_FundTransferpageRedirection()[pri:0, instance:com.appModule.Signin_Test@457e2f02]" name="verify_FundTransferpageRedirection" duration-ms="884" started-at="2016-10-05T17:15:36Z" finished-at="2016-10-05T17:15:37Z">
          <reporter-output>
          </reporter-output>
        </test-method> <!-- verify_FundTransferpageRedirection -->
        <test-method status="PASS" signature="tearDown(org.testng.ITestResult)[pri:0, instance:com.appModule.Signin_Test@457e2f02]" name="tearDown" is-config="true" duration-ms="0" started-at="2016-10-05T17:15:37Z" finished-at="2016-10-05T17:15:37Z">
          <params>
            <param index="0">
              <value>
                <![CDATA[[TestResult name=verify_FundTransferpageRedirection status=SUCCESS method=Signin_Test.verify_FundTransferpageRedirection()[pri:0, instance:com.appModule.Signin_Test@457e2f02] output={null}]]]>
              </value>
            </param>
          </params>
          <reporter-output>
          </reporter-output>
        </test-method> <!-- tearDown -->
        <test-method status="PASS" signature="verify_tapon_NEFTTransaction()[pri:0, instance:com.appModule.Signin_Test@457e2f02]" name="verify_tapon_NEFTTransaction" duration-ms="3249" started-at="2016-10-05T17:15:37Z" finished-at="2016-10-05T17:15:40Z">
          <reporter-output>
          </reporter-output>
        </test-method> <!-- verify_tapon_NEFTTransaction -->
        <test-method status="PASS" signature="verify_tapBeneficiaryDrpDownbox()[pri:0, instance:com.appModule.Signin_Test@457e2f02]" name="verify_tapBeneficiaryDrpDownbox" duration-ms="2626" started-at="2016-10-05T17:15:40Z" finished-at="2016-10-05T17:15:43Z">
          <reporter-output>
          </reporter-output>
        </test-method> <!-- verify_tapBeneficiaryDrpDownbox -->
        <test-method status="PASS" signature="tearDown(org.testng.ITestResult)[pri:0, instance:com.appModule.Signin_Test@457e2f02]" name="tearDown" is-config="true" duration-ms="0" started-at="2016-10-05T17:15:40Z" finished-at="2016-10-05T17:15:40Z">
          <params>
            <param index="0">
              <value>
                <![CDATA[[TestResult name=verify_tapon_NEFTTransaction status=SUCCESS method=Signin_Test.verify_tapon_NEFTTransaction()[pri:0, instance:com.appModule.Signin_Test@457e2f02] output={null}]]]>
              </value>
            </param>
          </params>
          <reporter-output>
          </reporter-output>
        </test-method> <!-- tearDown -->
        <test-method status="PASS" signature="verify_BeneficiaryNames()[pri:0, instance:com.appModule.Signin_Test@457e2f02]" name="verify_BeneficiaryNames" duration-ms="2080" started-at="2016-10-05T17:15:43Z" finished-at="2016-10-05T17:15:45Z">
          <reporter-output>
          </reporter-output>
        </test-method> <!-- verify_BeneficiaryNames -->
        <test-method status="PASS" signature="tearDown(org.testng.ITestResult)[pri:0, instance:com.appModule.Signin_Test@457e2f02]" name="tearDown" is-config="true" duration-ms="0" started-at="2016-10-05T17:15:43Z" finished-at="2016-10-05T17:15:43Z">
          <params>
            <param index="0">
              <value>
                <![CDATA[[TestResult name=verify_tapBeneficiaryDrpDownbox status=SUCCESS method=Signin_Test.verify_tapBeneficiaryDrpDownbox()[pri:0, instance:com.appModule.Signin_Test@457e2f02] output={null}]]]>
              </value>
            </param>
          </params>
          <reporter-output>
          </reporter-output>
        </test-method> <!-- tearDown -->
        <test-method status="PASS" signature="tearDown(org.testng.ITestResult)[pri:0, instance:com.appModule.Signin_Test@457e2f02]" name="tearDown" is-config="true" duration-ms="0" started-at="2016-10-05T17:15:45Z" finished-at="2016-10-05T17:15:45Z">
          <params>
            <param index="0">
              <value>
                <![CDATA[[TestResult name=verify_BeneficiaryNames status=SUCCESS method=Signin_Test.verify_BeneficiaryNames()[pri:0, instance:com.appModule.Signin_Test@457e2f02] output={null}]]]>
              </value>
            </param>
          </params>
          <reporter-output>
          </reporter-output>
        </test-method> <!-- tearDown -->
        <test-method status="PASS" signature="closeTheApp()[pri:0, instance:com.appModule.Signin_Test@457e2f02]" name="closeTheApp" is-config="true" duration-ms="1556" started-at="2016-10-05T17:15:45Z" finished-at="2016-10-05T17:15:47Z">
          <reporter-output>
          </reporter-output>
        </test-method> <!-- closeTheApp -->
      </class> <!-- com.appModule.Signin_Test -->
    </test> <!-- Android_1 -->
  </suite> <!-- Suite -->
</testng-results>
